<?xml version="1.0" encoding="utf-8"?><testsuites><testsuite name="pytest" errors="0" failures="0" skipped="0" tests="13" time="0.495" timestamp="2023-08-03T12:34:46.287413" hostname="9721416a3ea25e9"><testcase classname="tests.test_routers" name="test_register_user" time="0.059" /><testcase classname="tests.test_routers" name="test_register_user_when_email_already_present" time="0.005" /><testcase classname="tests.test_routers" name="test_register_user_when_loginid_already_present" time="0.013" /><testcase classname="tests.test_routers" name="test_register_user_with_invalid_request_body" time="0.003" /><testcase classname="tests.test_routers" name="test_register_user_with_password_mismatch" time="0.010" /><testcase classname="tests.test_routers" name="test_login" time="0.010" /><testcase classname="tests.test_routers" name="test_login_invalid_credentials" time="0.004" /><testcase classname="tests.test_routers" name="test_forgot_password" time="0.004" /><testcase classname="tests.test_routers" name="test_reset_password" time="0.004" /><testcase classname="tests.test_routers" name="test_get_all_movies" time="0.003" /><testcase classname="tests.test_routers" name="test_search_movie" time="0.003" /><testcase classname="tests.test_routers" name="test_book_tickets" time="0.005" /><testcase classname="tests.test_routers" name="test_get_booked_tickets" time="0.008" /></testsuite></testsuites>